<?xml version="1.0" encoding="UTF-8"?>
<!-- Generated by org.testng.reporters.JUnitXMLReporter -->
<testsuite ignored="0" hostname="jannatuls-MBP" failures="0" tests="15" name="Default test" time="78.785" errors="0" timestamp="2022-05-11T20:35:16 EDT">
  <testcase classname="com.Test.HomePageTest" name="ClickOnCategoriesButton" time="1.297"/>
  <testcase classname="com.Test.HomePageTest" name="ClickOnDealsButton" time="0.659"/>
  <testcase classname="com.Test.HomePageTest" name="ClickOnFindStoreButtonTest" time="2.727"/>
  <testcase classname="com.Test.HomePageTest" name="ClickOnRedCardButtonTest" time="3.195"/>
  <testcase classname="com.Test.HomePageTest" name="ClickOnRegistryButtonTest" time="2.484"/>
  <testcase classname="com.Test.HomePageTest" name="ClickOnTargetCircleTest" time="1.797"/>
  <testcase classname="com.Test.HomePageTest" name="ClickOnWeeklyAdButtonTest" time="2.408"/>
  <testcase classname="com.Test.HomePageTest" name="ClickOnWhatsNewButtonTest" time="1.349"/>
  <testcase classname="com.Test.HomePageTest" name="MenueButton" time="0.54"/>
  <testcase classname="com.Test.HomePageTest" name="SearchButtonTest" time="0.687"/>
  <testcase classname="com.Test.HomePageTest" name="ShopAllButton" time="3.485"/>
  <testcase classname="com.Test.HomePageTest" name="ShoppingcartTest" time="2.252"/>
  <testcase classname="com.Test.HomePageTest" name="clearenceButtonTest" time="1.179"/>
  <testcase classname="com.Test.HomePageTest" name="pageTitleTest" time="0.041"/>
  <testcase classname="com.Test.HomePageTest" name="privacyPolicyButtonTest" time="1.226"/>
</testsuite> <!-- Default test -->
