<?xml version="1.0" encoding="UTF-8"?>
<testng-results ignored="0" total="15" passed="15" failed="0" skipped="0">
  <reporter-output>
  </reporter-output>
  <suite started-at="2022-05-11T20:33:57 EDT" name="Default suite" finished-at="2022-05-11T20:35:16 EDT" duration-ms="78785">
    <groups>
    </groups>
    <test started-at="2022-05-11T20:33:57 EDT" name="Default test" finished-at="2022-05-11T20:35:16 EDT" duration-ms="78785">
      <class name="com.Test.HomePageTest">
        <test-method is-config="true" signature="setUp()[pri:0, instance:com.Test.HomePageTest@50ad3bc1]" started-at="2022-05-11T20:33:57 EDT" name="setUp" finished-at="2022-05-11T20:34:01 EDT" duration-ms="3486" status="PASS">
          <reporter-output>
          </reporter-output>
        </test-method> <!-- setUp -->
        <test-method signature="ClickOnCategoriesButton()[pri:0, instance:com.Test.HomePageTest@50ad3bc1]" started-at="2022-05-11T20:34:01 EDT" name="ClickOnCategoriesButton" finished-at="2022-05-11T20:34:02 EDT" duration-ms="1297" status="PASS">
          <reporter-output>
          </reporter-output>
        </test-method> <!-- ClickOnCategoriesButton -->
        <test-method is-config="true" signature="TearDown()[pri:0, instance:com.Test.HomePageTest@50ad3bc1]" started-at="2022-05-11T20:34:02 EDT" name="TearDown" finished-at="2022-05-11T20:34:02 EDT" duration-ms="102" status="PASS">
          <reporter-output>
          </reporter-output>
        </test-method> <!-- TearDown -->
        <test-method is-config="true" signature="setUp()[pri:0, instance:com.Test.HomePageTest@50ad3bc1]" started-at="2022-05-11T20:34:02 EDT" name="setUp" finished-at="2022-05-11T20:34:05 EDT" duration-ms="3507" status="PASS">
          <reporter-output>
          </reporter-output>
        </test-method> <!-- setUp -->
        <test-method signature="ClickOnDealsButton()[pri:0, instance:com.Test.HomePageTest@50ad3bc1]" started-at="2022-05-11T20:34:05 EDT" name="ClickOnDealsButton" finished-at="2022-05-11T20:34:06 EDT" duration-ms="659" status="PASS">
          <reporter-output>
          </reporter-output>
        </test-method> <!-- ClickOnDealsButton -->
        <test-method is-config="true" signature="TearDown()[pri:0, instance:com.Test.HomePageTest@50ad3bc1]" started-at="2022-05-11T20:34:06 EDT" name="TearDown" finished-at="2022-05-11T20:34:06 EDT" duration-ms="130" status="PASS">
          <reporter-output>
          </reporter-output>
        </test-method> <!-- TearDown -->
        <test-method is-config="true" signature="setUp()[pri:0, instance:com.Test.HomePageTest@50ad3bc1]" started-at="2022-05-11T20:34:06 EDT" name="setUp" finished-at="2022-05-11T20:34:10 EDT" duration-ms="3255" status="PASS">
          <reporter-output>
          </reporter-output>
        </test-method> <!-- setUp -->
        <test-method signature="ClickOnFindStoreButtonTest()[pri:0, instance:com.Test.HomePageTest@50ad3bc1]" started-at="2022-05-11T20:34:10 EDT" name="ClickOnFindStoreButtonTest" finished-at="2022-05-11T20:34:12 EDT" duration-ms="2727" status="PASS">
          <reporter-output>
          </reporter-output>
        </test-method> <!-- ClickOnFindStoreButtonTest -->
        <test-method is-config="true" signature="TearDown()[pri:0, instance:com.Test.HomePageTest@50ad3bc1]" started-at="2022-05-11T20:34:12 EDT" name="TearDown" finished-at="2022-05-11T20:34:12 EDT" duration-ms="142" status="PASS">
          <reporter-output>
          </reporter-output>
        </test-method> <!-- TearDown -->
        <test-method is-config="true" signature="setUp()[pri:0, instance:com.Test.HomePageTest@50ad3bc1]" started-at="2022-05-11T20:34:12 EDT" name="setUp" finished-at="2022-05-11T20:34:16 EDT" duration-ms="3171" status="PASS">
          <reporter-output>
          </reporter-output>
        </test-method> <!-- setUp -->
        <test-method signature="ClickOnRedCardButtonTest()[pri:0, instance:com.Test.HomePageTest@50ad3bc1]" started-at="2022-05-11T20:34:16 EDT" name="ClickOnRedCardButtonTest" finished-at="2022-05-11T20:34:19 EDT" duration-ms="3195" status="PASS">
          <reporter-output>
          </reporter-output>
        </test-method> <!-- ClickOnRedCardButtonTest -->
        <test-method is-config="true" signature="TearDown()[pri:0, instance:com.Test.HomePageTest@50ad3bc1]" started-at="2022-05-11T20:34:19 EDT" name="TearDown" finished-at="2022-05-11T20:34:19 EDT" duration-ms="160" status="PASS">
          <reporter-output>
          </reporter-output>
        </test-method> <!-- TearDown -->
        <test-method is-config="true" signature="setUp()[pri:0, instance:com.Test.HomePageTest@50ad3bc1]" started-at="2022-05-11T20:34:19 EDT" name="setUp" finished-at="2022-05-11T20:34:22 EDT" duration-ms="2954" status="PASS">
          <reporter-output>
          </reporter-output>
        </test-method> <!-- setUp -->
        <test-method signature="ClickOnRegistryButtonTest()[pri:0, instance:com.Test.HomePageTest@50ad3bc1]" started-at="2022-05-11T20:34:22 EDT" name="ClickOnRegistryButtonTest" finished-at="2022-05-11T20:34:24 EDT" duration-ms="2484" status="PASS">
          <reporter-output>
          </reporter-output>
        </test-method> <!-- ClickOnRegistryButtonTest -->
        <test-method is-config="true" signature="TearDown()[pri:0, instance:com.Test.HomePageTest@50ad3bc1]" started-at="2022-05-11T20:34:24 EDT" name="TearDown" finished-at="2022-05-11T20:34:25 EDT" duration-ms="140" status="PASS">
          <reporter-output>
          </reporter-output>
        </test-method> <!-- TearDown -->
        <test-method is-config="true" signature="setUp()[pri:0, instance:com.Test.HomePageTest@50ad3bc1]" started-at="2022-05-11T20:34:25 EDT" name="setUp" finished-at="2022-05-11T20:34:29 EDT" duration-ms="4385" status="PASS">
          <reporter-output>
          </reporter-output>
        </test-method> <!-- setUp -->
        <test-method signature="ClickOnTargetCircleTest()[pri:0, instance:com.Test.HomePageTest@50ad3bc1]" started-at="2022-05-11T20:34:29 EDT" name="ClickOnTargetCircleTest" finished-at="2022-05-11T20:34:31 EDT" duration-ms="1797" status="PASS">
          <reporter-output>
          </reporter-output>
        </test-method> <!-- ClickOnTargetCircleTest -->
        <test-method is-config="true" signature="TearDown()[pri:0, instance:com.Test.HomePageTest@50ad3bc1]" started-at="2022-05-11T20:34:31 EDT" name="TearDown" finished-at="2022-05-11T20:34:31 EDT" duration-ms="136" status="PASS">
          <reporter-output>
          </reporter-output>
        </test-method> <!-- TearDown -->
        <test-method is-config="true" signature="setUp()[pri:0, instance:com.Test.HomePageTest@50ad3bc1]" started-at="2022-05-11T20:34:31 EDT" name="setUp" finished-at="2022-05-11T20:34:34 EDT" duration-ms="2852" status="PASS">
          <reporter-output>
          </reporter-output>
        </test-method> <!-- setUp -->
        <test-method signature="ClickOnWeeklyAdButtonTest()[pri:0, instance:com.Test.HomePageTest@50ad3bc1]" started-at="2022-05-11T20:34:34 EDT" name="ClickOnWeeklyAdButtonTest" finished-at="2022-05-11T20:34:36 EDT" duration-ms="2408" status="PASS">
          <reporter-output>
          </reporter-output>
        </test-method> <!-- ClickOnWeeklyAdButtonTest -->
        <test-method is-config="true" signature="TearDown()[pri:0, instance:com.Test.HomePageTest@50ad3bc1]" started-at="2022-05-11T20:34:36 EDT" name="TearDown" finished-at="2022-05-11T20:34:36 EDT" duration-ms="138" status="PASS">
          <reporter-output>
          </reporter-output>
        </test-method> <!-- TearDown -->
        <test-method is-config="true" signature="setUp()[pri:0, instance:com.Test.HomePageTest@50ad3bc1]" started-at="2022-05-11T20:34:36 EDT" name="setUp" finished-at="2022-05-11T20:34:40 EDT" duration-ms="3411" status="PASS">
          <reporter-output>
          </reporter-output>
        </test-method> <!-- setUp -->
        <test-method signature="ClickOnWhatsNewButtonTest()[pri:0, instance:com.Test.HomePageTest@50ad3bc1]" started-at="2022-05-11T20:34:40 EDT" name="ClickOnWhatsNewButtonTest" finished-at="2022-05-11T20:34:41 EDT" duration-ms="1349" status="PASS">
          <reporter-output>
          </reporter-output>
        </test-method> <!-- ClickOnWhatsNewButtonTest -->
        <test-method is-config="true" signature="TearDown()[pri:0, instance:com.Test.HomePageTest@50ad3bc1]" started-at="2022-05-11T20:34:41 EDT" name="TearDown" finished-at="2022-05-11T20:34:41 EDT" duration-ms="97" status="PASS">
          <reporter-output>
          </reporter-output>
        </test-method> <!-- TearDown -->
        <test-method is-config="true" signature="setUp()[pri:0, instance:com.Test.HomePageTest@50ad3bc1]" started-at="2022-05-11T20:34:41 EDT" name="setUp" finished-at="2022-05-11T20:34:45 EDT" duration-ms="3462" status="PASS">
          <reporter-output>
          </reporter-output>
        </test-method> <!-- setUp -->
        <test-method signature="MenueButton()[pri:0, instance:com.Test.HomePageTest@50ad3bc1]" started-at="2022-05-11T20:34:45 EDT" name="MenueButton" finished-at="2022-05-11T20:34:45 EDT" duration-ms="540" status="PASS">
          <reporter-output>
          </reporter-output>
        </test-method> <!-- MenueButton -->
        <test-method is-config="true" signature="TearDown()[pri:0, instance:com.Test.HomePageTest@50ad3bc1]" started-at="2022-05-11T20:34:45 EDT" name="TearDown" finished-at="2022-05-11T20:34:45 EDT" duration-ms="184" status="PASS">
          <reporter-output>
          </reporter-output>
        </test-method> <!-- TearDown -->
        <test-method is-config="true" signature="setUp()[pri:0, instance:com.Test.HomePageTest@50ad3bc1]" started-at="2022-05-11T20:34:45 EDT" name="setUp" finished-at="2022-05-11T20:34:50 EDT" duration-ms="4319" status="PASS">
          <reporter-output>
          </reporter-output>
        </test-method> <!-- setUp -->
        <test-method signature="SearchButtonTest()[pri:0, instance:com.Test.HomePageTest@50ad3bc1]" started-at="2022-05-11T20:34:50 EDT" name="SearchButtonTest" finished-at="2022-05-11T20:34:50 EDT" duration-ms="687" status="PASS">
          <reporter-output>
          </reporter-output>
        </test-method> <!-- SearchButtonTest -->
        <test-method is-config="true" signature="TearDown()[pri:0, instance:com.Test.HomePageTest@50ad3bc1]" started-at="2022-05-11T20:34:50 EDT" name="TearDown" finished-at="2022-05-11T20:34:50 EDT" duration-ms="93" status="PASS">
          <reporter-output>
          </reporter-output>
        </test-method> <!-- TearDown -->
        <test-method is-config="true" signature="setUp()[pri:0, instance:com.Test.HomePageTest@50ad3bc1]" started-at="2022-05-11T20:34:50 EDT" name="setUp" finished-at="2022-05-11T20:34:54 EDT" duration-ms="3641" status="PASS">
          <reporter-output>
          </reporter-output>
        </test-method> <!-- setUp -->
        <test-method signature="ShopAllButton()[pri:0, instance:com.Test.HomePageTest@50ad3bc1]" started-at="2022-05-11T20:34:54 EDT" name="ShopAllButton" finished-at="2022-05-11T20:34:57 EDT" duration-ms="3485" status="PASS">
          <reporter-output>
          </reporter-output>
        </test-method> <!-- ShopAllButton -->
        <test-method is-config="true" signature="TearDown()[pri:0, instance:com.Test.HomePageTest@50ad3bc1]" started-at="2022-05-11T20:34:57 EDT" name="TearDown" finished-at="2022-05-11T20:34:58 EDT" duration-ms="163" status="PASS">
          <reporter-output>
          </reporter-output>
        </test-method> <!-- TearDown -->
        <test-method is-config="true" signature="setUp()[pri:0, instance:com.Test.HomePageTest@50ad3bc1]" started-at="2022-05-11T20:34:58 EDT" name="setUp" finished-at="2022-05-11T20:35:01 EDT" duration-ms="3003" status="PASS">
          <reporter-output>
          </reporter-output>
        </test-method> <!-- setUp -->
        <test-method signature="ShoppingcartTest()[pri:0, instance:com.Test.HomePageTest@50ad3bc1]" started-at="2022-05-11T20:35:01 EDT" name="ShoppingcartTest" finished-at="2022-05-11T20:35:03 EDT" duration-ms="2252" status="PASS">
          <reporter-output>
          </reporter-output>
        </test-method> <!-- ShoppingcartTest -->
        <test-method is-config="true" signature="TearDown()[pri:0, instance:com.Test.HomePageTest@50ad3bc1]" started-at="2022-05-11T20:35:03 EDT" name="TearDown" finished-at="2022-05-11T20:35:03 EDT" duration-ms="145" status="PASS">
          <reporter-output>
          </reporter-output>
        </test-method> <!-- TearDown -->
        <test-method is-config="true" signature="setUp()[pri:0, instance:com.Test.HomePageTest@50ad3bc1]" started-at="2022-05-11T20:35:03 EDT" name="setUp" finished-at="2022-05-11T20:35:07 EDT" duration-ms="3510" status="PASS">
          <reporter-output>
          </reporter-output>
        </test-method> <!-- setUp -->
        <test-method signature="clearenceButtonTest()[pri:0, instance:com.Test.HomePageTest@50ad3bc1]" started-at="2022-05-11T20:35:07 EDT" name="clearenceButtonTest" finished-at="2022-05-11T20:35:08 EDT" duration-ms="1179" status="PASS">
          <reporter-output>
          </reporter-output>
        </test-method> <!-- clearenceButtonTest -->
        <test-method is-config="true" signature="TearDown()[pri:0, instance:com.Test.HomePageTest@50ad3bc1]" started-at="2022-05-11T20:35:08 EDT" name="TearDown" finished-at="2022-05-11T20:35:08 EDT" duration-ms="145" status="PASS">
          <reporter-output>
          </reporter-output>
        </test-method> <!-- TearDown -->
        <test-method is-config="true" signature="setUp()[pri:0, instance:com.Test.HomePageTest@50ad3bc1]" started-at="2022-05-11T20:35:08 EDT" name="setUp" finished-at="2022-05-11T20:35:11 EDT" duration-ms="3525" status="PASS">
          <reporter-output>
          </reporter-output>
        </test-method> <!-- setUp -->
        <test-method signature="pageTitleTest()[pri:0, instance:com.Test.HomePageTest@50ad3bc1]" started-at="2022-05-11T20:35:11 EDT" name="pageTitleTest" finished-at="2022-05-11T20:35:11 EDT" duration-ms="41" status="PASS">
          <reporter-output>
          </reporter-output>
        </test-method> <!-- pageTitleTest -->
        <test-method is-config="true" signature="TearDown()[pri:0, instance:com.Test.HomePageTest@50ad3bc1]" started-at="2022-05-11T20:35:11 EDT" name="TearDown" finished-at="2022-05-11T20:35:12 EDT" duration-ms="131" status="PASS">
          <reporter-output>
          </reporter-output>
        </test-method> <!-- TearDown -->
        <test-method is-config="true" signature="setUp()[pri:0, instance:com.Test.HomePageTest@50ad3bc1]" started-at="2022-05-11T20:35:12 EDT" name="setUp" finished-at="2022-05-11T20:35:15 EDT" duration-ms="2935" status="PASS">
          <reporter-output>
          </reporter-output>
        </test-method> <!-- setUp -->
        <test-method signature="privacyPolicyButtonTest()[pri:0, instance:com.Test.HomePageTest@50ad3bc1]" started-at="2022-05-11T20:35:15 EDT" name="privacyPolicyButtonTest" finished-at="2022-05-11T20:35:16 EDT" duration-ms="1226" status="PASS">
          <reporter-output>
          </reporter-output>
        </test-method> <!-- privacyPolicyButtonTest -->
        <test-method is-config="true" signature="TearDown()[pri:0, instance:com.Test.HomePageTest@50ad3bc1]" started-at="2022-05-11T20:35:16 EDT" name="TearDown" finished-at="2022-05-11T20:35:16 EDT" duration-ms="72" status="PASS">
          <reporter-output>
          </reporter-output>
        </test-method> <!-- TearDown -->
      </class> <!-- com.Test.HomePageTest -->
    </test> <!-- Default test -->
  </suite> <!-- Default suite -->
</testng-results>
